[2023-09-18T13:40:08.890+0545] {taskinstance.py:1157} INFO - Dependencies all met for dep_context=non-requeueable deps ti=<TaskInstance: project_dag.file_sensor_task manual__2023-09-18T07:54:59.120781+00:00 [queued]>
[2023-09-18T13:40:08.895+0545] {taskinstance.py:1157} INFO - Dependencies all met for dep_context=requeueable deps ti=<TaskInstance: project_dag.file_sensor_task manual__2023-09-18T07:54:59.120781+00:00 [queued]>
[2023-09-18T13:40:08.895+0545] {taskinstance.py:1359} INFO - Starting attempt 1 of 1
[2023-09-18T13:40:08.904+0545] {taskinstance.py:1380} INFO - Executing <Task(FileSensor): file_sensor_task> on 2023-09-18 07:54:59.120781+00:00
[2023-09-18T13:40:08.907+0545] {standard_task_runner.py:57} INFO - Started process 71791 to run task
[2023-09-18T13:40:08.911+0545] {standard_task_runner.py:84} INFO - Running: ['airflow', 'tasks', 'run', 'project_dag', 'file_sensor_task', 'manual__2023-09-18T07:54:59.120781+00:00', '--job-id', '14', '--raw', '--subdir', 'DAGS_FOLDER/project_dag.py', '--cfg-path', '/tmp/tmpxe9a_stw']
[2023-09-18T13:40:08.913+0545] {standard_task_runner.py:85} INFO - Job 14: Subtask file_sensor_task
[2023-09-18T13:40:08.946+0545] {task_command.py:415} INFO - Running <TaskInstance: project_dag.file_sensor_task manual__2023-09-18T07:54:59.120781+00:00 [running]> on host ubuntu-Lenovo-Legion-5-15ARH05
[2023-09-18T13:40:08.990+0545] {taskinstance.py:1660} INFO - Exporting env vars: AIRFLOW_CTX_DAG_OWNER='airflow' AIRFLOW_CTX_DAG_ID='project_dag' AIRFLOW_CTX_TASK_ID='file_sensor_task' AIRFLOW_CTX_EXECUTION_DATE='2023-09-18T07:54:59.120781+00:00' AIRFLOW_CTX_TRY_NUMBER='1' AIRFLOW_CTX_DAG_RUN_ID='manual__2023-09-18T07:54:59.120781+00:00'
[2023-09-18T13:40:08.994+0545] {base.py:73} INFO - Using connection ID 'fs_default' for task execution.
[2023-09-18T13:40:08.994+0545] {filesystem.py:64} INFO - Poking for file /../Airflow_Assignments/*.csv
[2023-09-18T13:40:39.027+0545] {base.py:73} INFO - Using connection ID 'fs_default' for task execution.
[2023-09-18T13:40:39.027+0545] {filesystem.py:64} INFO - Poking for file /../Airflow_Assignments/*.csv
[2023-09-18T13:41:09.059+0545] {base.py:73} INFO - Using connection ID 'fs_default' for task execution.
[2023-09-18T13:41:09.060+0545] {filesystem.py:64} INFO - Poking for file /../Airflow_Assignments/*.csv
[2023-09-18T13:41:39.091+0545] {base.py:73} INFO - Using connection ID 'fs_default' for task execution.
[2023-09-18T13:41:39.092+0545] {filesystem.py:64} INFO - Poking for file /../Airflow_Assignments/*.csv
[2023-09-18T13:42:09.124+0545] {base.py:73} INFO - Using connection ID 'fs_default' for task execution.
[2023-09-18T13:42:09.124+0545] {filesystem.py:64} INFO - Poking for file /../Airflow_Assignments/*.csv
[2023-09-18T13:42:39.158+0545] {base.py:73} INFO - Using connection ID 'fs_default' for task execution.
[2023-09-18T13:42:39.158+0545] {filesystem.py:64} INFO - Poking for file /../Airflow_Assignments/*.csv
[2023-09-18T13:43:09.193+0545] {base.py:73} INFO - Using connection ID 'fs_default' for task execution.
[2023-09-18T13:43:09.193+0545] {filesystem.py:64} INFO - Poking for file /../Airflow_Assignments/*.csv
[2023-09-18T13:43:20.403+0545] {local_task_job_runner.py:294} WARNING - State of this instance has been externally set to failed. Terminating instance.
[2023-09-18T13:43:20.410+0545] {process_utils.py:131} INFO - Sending Signals.SIGTERM to group 71791. PIDs of all processes in the group: [71791]
[2023-09-18T13:43:20.410+0545] {process_utils.py:86} INFO - Sending the signal Signals.SIGTERM to group 71791
[2023-09-18T13:43:20.410+0545] {taskinstance.py:1630} ERROR - Received SIGTERM. Terminating subprocesses.
[2023-09-18T13:43:20.462+0545] {process_utils.py:79} INFO - Process psutil.Process(pid=71791, status='terminated', exitcode=0, started='13:40:08') (71791) terminated with exit code 0
